2025-03-15 13:52:20,300 - INFO - Using device: cuda
2025-03-15 13:52:20,303 - ERROR - Dataset file 'dataset.csv' not found!
2025-03-15 13:53:02,257 - INFO - Using device: cuda
2025-03-15 13:53:02,260 - ERROR - Dataset file 'dataset.csv' not found!
2025-03-15 14:00:29,984 - INFO - Using device: cuda
2025-03-15 14:00:30,223 - INFO - Loaded dataset with 12495 samples
2025-03-15 14:00:30,234 - INFO - Class distribution: {2: 5654, 0: 4850, 1: 1991}
2025-03-15 14:00:30,255 - INFO - Train set: 9996 samples
2025-03-15 14:00:30,256 - INFO - Validation set: 1249 samples
2025-03-15 14:00:30,256 - INFO - Test set: 1250 samples
2025-03-15 14:00:33,219 - INFO - Epoch 1/5
2025-03-15 14:00:33,220 - INFO - ------------------------------
2025-03-15 14:10:27,095 - INFO - Train loss: 0.7041 Acc: 0.7080
2025-03-15 14:10:27,095 - INFO - Val loss: 0.6178 Acc: 0.7686
2025-03-15 14:10:28,001 - INFO - Saved new best model to model_artifacts\best_model.bin
2025-03-15 14:10:28,001 - INFO - Epoch 2/5
2025-03-15 14:10:28,002 - INFO - ------------------------------
2025-03-15 14:18:42,509 - INFO - Train loss: 0.4972 Acc: 0.8006
2025-03-15 14:18:42,510 - INFO - Val loss: 0.6401 Acc: 0.7486
2025-03-15 14:18:42,512 - INFO - Epoch 3/5
2025-03-15 14:18:42,512 - INFO - ------------------------------
2025-03-15 14:26:58,713 - INFO - Train loss: 0.3224 Acc: 0.8829
2025-03-15 14:26:58,714 - INFO - Val loss: 0.7907 Acc: 0.7614
2025-03-15 14:26:58,714 - INFO - Epoch 4/5
2025-03-15 14:26:58,715 - INFO - ------------------------------
2025-03-15 14:35:15,559 - INFO - Train loss: 0.1903 Acc: 0.9353
2025-03-15 14:35:15,560 - INFO - Val loss: 1.1048 Acc: 0.7558
2025-03-15 14:35:15,560 - INFO - Epoch 5/5
2025-03-15 14:35:15,561 - INFO - ------------------------------
2025-03-15 14:43:31,970 - INFO - Train loss: 0.1272 Acc: 0.9589
2025-03-15 14:43:31,971 - INFO - Val loss: 1.2993 Acc: 0.7462
2025-03-15 14:43:53,429 - INFO - Test loss: 1.2956 Acc: 0.7440
2025-03-15 14:43:53,459 - INFO - Classification Report:
              precision    recall  f1-score   support

    Negative     0.7966    0.7670    0.7815       485
     Neutral     0.3377    0.3869    0.3607       199
    Positive     0.8667    0.8498    0.8582       566

    accuracy                         0.7440      1250
   macro avg     0.6670    0.6679    0.6668      1250
weighted avg     0.7553    0.7440    0.7492      1250

2025-03-15 14:43:53,493 - INFO - Training complete. Model artifacts saved to model_artifacts
2025-03-15 14:43:54,201 - INFO - Copied model files to main directory for interface compatibility
